Arguments: 
  /usr/local/bin/node /usr/local/bin/yarn install

PATH: 
  /Users/rayr/Downloads/google-cloud-sdk/bin:/Library/Frameworks/Python.framework/Versions/3.7/bin:/usr/local/bin:/usr/bin:/bin:/usr/sbin:/sbin:/usr/local/share/dotnet:~/.dotnet/tools:/Library/Frameworks/Mono.framework/Versions/Current/Commands:/Applications/Xamarin Workbooks.app/Contents/SharedSupport/path-bin:/usr/local/mysql/bin

Yarn version: 
  1.10.0

Node version: 
  8.12.0

Platform: 
  darwin x64

Trace: 
  SyntaxError: /Users/rayr/workspace/proj3/test-jotter/client/package.json: Unexpected token } in JSON at position 637
      at JSON.parse (<anonymous>)
      at /usr/local/lib/node_modules/yarn/lib/cli.js:1136:59
      at Generator.next (<anonymous>)
      at step (/usr/local/lib/node_modules/yarn/lib/cli.js:98:30)
      at /usr/local/lib/node_modules/yarn/lib/cli.js:109:13
      at <anonymous>

npm manifest: 
  {
    "name": "client",
    "version": "0.1.0",
    "private": true,
    "dependencies": {
      "@material-ui/core": "^3.3.1",
      "@material-ui/icons": "^3.0.1",
      "axios": "^0.18.0",
      "materialize-css": "^1.0.0",
      "node-sass": "^4.9.3",
      "prop-types": "^15.6.2",
      "react": "^16.5.2",
      "react-dom": "^16.5.2",
      "react-materialize": "^2.4.6",
      "react-redux": "^5.0.7",
      "react-router-dom": "^4.3.1",
      "react-scripts": "1.1.5",
      "react-select": "^2.1.0",
      "react-signup-login-component": "^1.2.0",
      "react-web-tabs": "^1.0.1",
      "redux": "^4.0.1",
      "redux-form": "^7.4.2",
      "redux-thunk": "^2.3.0",
    },
    "scripts": {
      "start": "react-scripts start",
      "build": "react-scripts build",
      "test": "react-scripts test",
      "eject": "react-scripts eject"
    },
    "proxy": {
      "/auth/google": {
        "target": "http://localhost:5000"
      },
      "/api/*": {
        "target": "http://localhost:5000"
      }
    },
    "eslintConfig": {
      "extends": "react-app"
    },
    "browserslist": [
      ">0.2%",
      "not dead",
      "not ie <= 11",
      "not op_mini all"
    ]
  }

yarn manifest: 
  No manifest

Lockfile: 
  No lockfile
